<?xml version="1.0" encoding="UTF-8"?>
<!-- Generated by org.testng.reporters.JUnitXMLReporter -->
<testsuite hostname="LAPTOP-068F4HI7" ignored="0" name="SanityTest" tests="25" failures="1" timestamp="05 May 2020 11:42:43 GMT" time="71.548" errors="0">
  <testcase name="test1" time="0.019" classname="com.test.ExceptionTimeOutTest"/>
  <testcase name="googleLogoTest" time="0.004" classname="com.test.testNGBasics"/>
  <testcase name="googlePageTitle" time="0.002" classname="com.test.testNGBasics"/>
  <testcase name="searchTest" time="0.003" classname="com.test.testNGBasics"/>
  <testcase name="loginTest" time="0.005" classname="com.test.TestNGFeatures"/>
  <testcase name="HomePageTest" time="0.002" classname="com.test.TestNGFeatures"/>
  <testcase name="RegPageTest" time="0.007" classname="com.test.TestNGFeatures"/>
  <testcase name="searchPageTest" time="0.05" classname="com.test.TestNGFeatures"/>
  <testcase name="sum" time="0.001" classname="com.test.InvocationCountTest"/>
  <testcase name="sum" time="0.002" classname="com.test.InvocationCountTest"/>
  <testcase name="sum" time="0.003" classname="com.test.InvocationCountTest"/>
  <testcase name="sum" time="0.002" classname="com.test.InvocationCountTest"/>
  <testcase name="sum" time="0.001" classname="com.test.InvocationCountTest"/>
  <testcase name="sum" time="0.002" classname="com.test.InvocationCountTest"/>
  <testcase name="sum" time="0.002" classname="com.test.InvocationCountTest"/>
  <testcase name="sum" time="0.004" classname="com.test.InvocationCountTest"/>
  <testcase name="sum" time="0.003" classname="com.test.InvocationCountTest"/>
  <testcase name="sum" time="0.002" classname="com.test.InvocationCountTest"/>
  <testcase name="googleLogotest" time="1.456" classname="com.test.GoogleTitleTest"/>
  <testcase name="googleTitleTest" time="0.019" classname="com.test.GoogleTitleTest">
    <failure type="java.lang.AssertionError" message="title is not matched expected [Google123] but found [Google]">
      <![CDATA[java.lang.AssertionError: title is not matched expected [Google123] but found [Google]
	at com.test.GoogleTitleTest.googleTitleTest(GoogleTitleTest.java:34)
... Removed 30 stack frames]]>
    </failure>
  </testcase> <!-- googleTitleTest -->
  <testcase name="googleTitleTest" time="0.042" classname="com.test.GoogleTest"/>
  <testcase name="googleLogotest" time="0.122" classname="com.test.GoogleTest"/>
  <testcase name="mailLinkTest" time="0.128" classname="com.test.GoogleTest"/>
  <testcase name="test1" time="0.001" classname="com.test.GoogleTest"/>
  <testcase name="test2" time="0.001" classname="com.test.GoogleTest"/>
</testsuite> <!-- SanityTest -->
